<?xml version="1.0" encoding="UTF-8"?>
<!-- Generated by org.testng.reporters.JUnitReportReporter -->
<testsuite skipped="0" hostname="DESKTOP-KCH8FJO" name="runner.CucumberRunner" tests="2" failures="0" timestamp="2021-10-27T19:36:12 IST" time="99.059" errors="0">
  <testcase name="runScenario" time="34.741" classname="runner.CucumberRunner"/>
  <system-out/>
  <testcase name="runScenario" time="64.318" classname="runner.CucumberRunner"/>
  <system-out/>
</testsuite> <!-- runner.CucumberRunner -->
