<?xml version="1.0" encoding="UTF-8"?>
<!-- Generated by org.testng.reporters.JUnitReportReporter -->
<testsuite skipped="0" hostname="DESKTOP-KCH8FJO" name="testcases.DeleteLead" tests="1" failures="0" timestamp="2021-10-19T14:39:48 IST" time="33.165" errors="0">
  <testcase name="runDeleteLead" time="33.165" classname="testcases.DeleteLead"/>
  <system-out/>
</testsuite> <!-- testcases.DeleteLead -->
